<?xml version="1.0" encoding="UTF-8"?>
<!-- Generated by org.testng.reporters.JUnitReportReporter -->
<testsuite hostname="Hastashilp-PC" failures="0" tests="1" name="scripts.Testcase2" time="99.954" errors="0" timestamp="2022-09-12T14:05:19 IST" skipped="0">
  <testcase classname="scripts.Testcase2" name="tc2" time="99.954"/>
  <system-out/>
</testsuite> <!-- scripts.Testcase2 -->
